Mon Jul 17 11:54:20 CEST 2017 --------------------------------------

Mon Jul 17 11:54:20 CEST 2017 LOG: Colors Distribution:

Mon Jul 17 11:54:20 CEST 2017 LOG: Color 0	=	66.92367288878606

Mon Jul 17 11:54:20 CEST 2017 LOG: Color 1	=	66.60152523823433

Mon Jul 17 11:54:20 CEST 2017 LOG: Color 2	=	66.6040880490287

Mon Jul 17 11:54:20 CEST 2017 LOG: Color 3	=	66.59720300860232

Mon Jul 17 11:54:20 CEST 2017 LOG: Color 4	=	66.09287749651821

Mon Jul 17 11:54:20 CEST 2017 LOG: TotDist: 	=	0.83080

Mon Jul 17 11:54:20 CEST 2017 --------------------------------------

Mon Jul 17 11:54:20 CEST 2017 ------------- Graph info -------------

Mon Jul 17 11:54:20 CEST 2017 Num Total Nodes: 999

Mon Jul 17 11:54:20 CEST 2017 Num Total Edges: 2497

Mon Jul 17 11:54:20 CEST 2017 Num Average Deg: 4.998998998998999

Mon Jul 17 11:54:20 CEST 2017 Total Weight: 332.82210409406696

Mon Jul 17 11:54:20 CEST 2017 Total Selected Weight: 332.8193666811696

Mon Jul 17 11:54:20 CEST 2017 1.00 1.00 2497

Mon Jul 17 11:54:20 CEST 2017 MaxWeight: 1.2384925204309363

Mon Jul 17 11:54:20 CEST 2017 MinWeight: 0.0031743036838076154

Mon Jul 17 11:54:20 CEST 2017 ################

Mon Jul 17 11:54:20 CEST 2017 #Itr: 0 #CStb: 0 # dur: 0.0 #NumSuc: 0/0 #CUT: 0.33897554713246303

Mon Jul 17 11:54:20 CEST 2017 ################

Mon Jul 17 11:54:20 CEST 2017 #Itr: 1 #CStb: 0 # dur: 0.025 #NumSuc: 121/367 #CUT: 0.27645649529720784

Mon Jul 17 11:54:20 CEST 2017 ################

Mon Jul 17 11:54:20 CEST 2017 #Itr: 2 #CStb: 0 # dur: 0.006 #NumSuc: 61/252 #CUT: 0.24851433353855745

Mon Jul 17 11:54:20 CEST 2017 ################

Mon Jul 17 11:54:20 CEST 2017 #Itr: 3 #CStb: 0 # dur: 0.006 #NumSuc: 40/199 #CUT: 0.23435170117291693

Mon Jul 17 11:54:20 CEST 2017 ################

Mon Jul 17 11:54:20 CEST 2017 #Itr: 4 #CStb: 0 # dur: 0.005 #NumSuc: 24/168 #CUT: 0.22638761537440066

Mon Jul 17 11:54:20 CEST 2017 ################

Mon Jul 17 11:54:20 CEST 2017 #Itr: 5 #CStb: 0 # dur: 0.005 #NumSuc: 28/153 #CUT: 0.2189373200586625

Mon Jul 17 11:54:20 CEST 2017 ################

Mon Jul 17 11:54:20 CEST 2017 #Itr: 6 #CStb: 0 # dur: 0.004 #NumSuc: 21/134 #CUT: 0.21139133976355207

Mon Jul 17 11:54:20 CEST 2017 ################

Mon Jul 17 11:54:20 CEST 2017 #Itr: 7 #CStb: 0 # dur: 0.001 #NumSuc: 15/118 #CUT: 0.20749005765457562

Mon Jul 17 11:54:20 CEST 2017 ################

Mon Jul 17 11:54:20 CEST 2017 #Itr: 8 #CStb: 0 # dur: 0.001 #NumSuc: 8/106 #CUT: 0.205659873621447

Mon Jul 17 11:54:20 CEST 2017 ################

Mon Jul 17 11:54:20 CEST 2017 #Itr: 9 #CStb: 0 # dur: 0.002 #NumSuc: 2/102 #CUT: 0.20515568137546125

Mon Jul 17 11:54:20 CEST 2017 ################

Mon Jul 17 11:54:20 CEST 2017 #Itr: 10 #CStb: 1 # dur: 0.002 #NumSuc: 1/102 #CUT: 0.20518888587856432

Mon Jul 17 11:54:20 CEST 2017 ################

Mon Jul 17 11:54:20 CEST 2017 #Itr: 11 #CStb: 2 # dur: 0.002 #NumSuc: 2/101 #CUT: 0.2051665110314782

Mon Jul 17 11:54:20 CEST 2017 ################

Mon Jul 17 11:54:20 CEST 2017 #Itr: 12 #CStb: 2 # dur: 0.002 #NumSuc: 3/101 #CUT: 0.2039819083223675

Mon Jul 17 11:54:20 CEST 2017 ################

Mon Jul 17 11:54:20 CEST 2017 #Itr: 13 #CStb: 3 # dur: 0.001 #NumSuc: 0/96 #CUT: 0.2039819083223675

Mon Jul 17 11:54:20 CEST 2017 #Itr: 13 #CStb: 3 #CUT: 0.2039819083223675 #STDev: 0.266

Mon Jul 17 11:54:20 CEST 2017 ################

Mon Jul 17 11:54:20 CEST 2017 #LOG: Execution terminated in: 0.105s

Mon Jul 17 12:05:10 CEST 2017 --------------------------------------

Mon Jul 17 12:05:10 CEST 2017 LOG: Colors Distribution:

Mon Jul 17 12:05:10 CEST 2017 LOG: Color 0	=	8.839307198994709

Mon Jul 17 12:05:10 CEST 2017 LOG: Color 1	=	8.38010014586765

Mon Jul 17 12:05:10 CEST 2017 LOG: Color 2	=	8.46981373263371

Mon Jul 17 12:05:10 CEST 2017 LOG: Color 3	=	8.513546867860905

Mon Jul 17 12:05:10 CEST 2017 LOG: Color 4	=	8.772852564414814

Mon Jul 17 12:05:10 CEST 2017 LOG: Color 5	=	8.343911239699171

Mon Jul 17 12:05:10 CEST 2017 LOG: Color 6	=	8.741894672257175

Mon Jul 17 12:05:10 CEST 2017 LOG: Color 7	=	8.419703148341192

Mon Jul 17 12:05:10 CEST 2017 LOG: Color 8	=	8.395192207749353

Mon Jul 17 12:05:10 CEST 2017 LOG: Color 9	=	8.425948406318469

Mon Jul 17 12:05:10 CEST 2017 LOG: Color 10	=	8.329389315552325

Mon Jul 17 12:05:10 CEST 2017 LOG: Color 11	=	8.34083733448167

Mon Jul 17 12:05:10 CEST 2017 LOG: Color 12	=	8.523234607607204

Mon Jul 17 12:05:10 CEST 2017 LOG: Color 13	=	8.332577713447133

Mon Jul 17 12:05:10 CEST 2017 LOG: Color 14	=	8.334652430246642

Mon Jul 17 12:05:10 CEST 2017 LOG: Color 15	=	8.326511657742891

Mon Jul 17 12:05:10 CEST 2017 LOG: Color 16	=	8.428345442371414

Mon Jul 17 12:05:10 CEST 2017 LOG: Color 17	=	8.332665246217624

Mon Jul 17 12:05:10 CEST 2017 LOG: Color 18	=	8.59198713159333

Mon Jul 17 12:05:10 CEST 2017 LOG: Color 19	=	8.857669659304461

Mon Jul 17 12:05:10 CEST 2017 LOG: Color 20	=	8.408829961993922

Mon Jul 17 12:05:10 CEST 2017 LOG: Color 21	=	8.791305972937685

Mon Jul 17 12:05:10 CEST 2017 LOG: Color 22	=	8.43277027018375

Mon Jul 17 12:05:10 CEST 2017 LOG: Color 23	=	8.340342784954068

Mon Jul 17 12:05:10 CEST 2017 LOG: Color 24	=	8.468370465736719

Mon Jul 17 12:05:10 CEST 2017 LOG: Color 25	=	8.511286326485882

Mon Jul 17 12:05:10 CEST 2017 LOG: Color 26	=	8.591727930441394

Mon Jul 17 12:05:10 CEST 2017 LOG: Color 27	=	8.346130868464297

Mon Jul 17 12:05:10 CEST 2017 LOG: Color 28	=	8.461511871806822

Mon Jul 17 12:05:10 CEST 2017 LOG: Color 29	=	8.395931668680907

Mon Jul 17 12:05:10 CEST 2017 LOG: Color 30	=	8.425962734197931

Mon Jul 17 12:05:10 CEST 2017 LOG: Color 31	=	8.37643967521285

Mon Jul 17 12:05:10 CEST 2017 LOG: Color 32	=	8.727953432268722

Mon Jul 17 12:05:10 CEST 2017 LOG: Color 33	=	8.390839454394316

Mon Jul 17 12:05:10 CEST 2017 LOG: Color 34	=	8.340008129164959

Mon Jul 17 12:05:10 CEST 2017 LOG: Color 35	=	8.53101870940636

Mon Jul 17 12:05:10 CEST 2017 LOG: Color 36	=	8.543081663219892

Mon Jul 17 12:05:10 CEST 2017 LOG: Color 37	=	8.38798388709269

Mon Jul 17 12:05:10 CEST 2017 LOG: Color 38	=	8.45216458139284

Mon Jul 17 12:05:10 CEST 2017 LOG: Color 39	=	2.195565570431728

Mon Jul 17 12:05:10 CEST 2017 LOG: TotDist: 	=	6.66210

Mon Jul 17 12:05:10 CEST 2017 --------------------------------------

Mon Jul 17 12:05:10 CEST 2017 ------------- Graph info -------------

Mon Jul 17 12:05:10 CEST 2017 Num Total Nodes: 999

Mon Jul 17 12:05:10 CEST 2017 Num Total Edges: 2497

Mon Jul 17 12:05:10 CEST 2017 Num Average Deg: 4.998998998998999

Mon Jul 17 12:05:10 CEST 2017 Total Weight: 332.82210409406696

Mon Jul 17 12:05:10 CEST 2017 Total Selected Weight: 332.8193666811696

Mon Jul 17 12:05:10 CEST 2017 1.00 1.00 2497

Mon Jul 17 12:05:10 CEST 2017 MaxWeight: 1.2384925204309363

Mon Jul 17 12:05:10 CEST 2017 MinWeight: 0.0031743036838076154

Mon Jul 17 12:05:10 CEST 2017 ################

Mon Jul 17 12:05:10 CEST 2017 #Itr: 0 #CStb: 0 # dur: 0.0 #NumSuc: 0/0 #CUT: 0.4388718907457443

Mon Jul 17 12:05:10 CEST 2017 ################

Mon Jul 17 12:05:10 CEST 2017 #Itr: 1 #CStb: 0 # dur: 0.006 #NumSuc: 1/3 #CUT: 0.43872968984001615

Mon Jul 17 12:05:10 CEST 2017 ################

Mon Jul 17 12:05:10 CEST 2017 #Itr: 2 #CStb: 1 # dur: 0.002 #NumSuc: 0/2 #CUT: 0.43872968984001615

Mon Jul 17 12:05:10 CEST 2017 #Itr: 2 #CStb: 1 #CUT: 0.43872968984001615 #STDev: 0.992

Mon Jul 17 12:05:10 CEST 2017 ################

Mon Jul 17 12:05:10 CEST 2017 #LOG: Execution terminated in: 0.051s

Thu Feb 22 17:09:28 CET 2018 --------------------------------------

Thu Feb 22 17:09:28 CET 2018 LOG: Colors Distribution:

Thu Feb 22 17:09:28 CET 2018 LOG: Color 0	=	8.339728759376962

Thu Feb 22 17:09:28 CET 2018 LOG: Color 1	=	8.457252688363317

Thu Feb 22 17:09:28 CET 2018 LOG: Color 2	=	8.377416380143703

Thu Feb 22 17:09:28 CET 2018 LOG: Color 3	=	8.588061704615097

Thu Feb 22 17:09:28 CET 2018 LOG: Color 4	=	8.379079568522016

Thu Feb 22 17:09:28 CET 2018 LOG: Color 5	=	8.342734304193893

Thu Feb 22 17:09:28 CET 2018 LOG: Color 6	=	8.655998343870468

Thu Feb 22 17:09:28 CET 2018 LOG: Color 7	=	8.337692408399933

Thu Feb 22 17:09:28 CET 2018 LOG: Color 8	=	8.39370396178545

Thu Feb 22 17:09:28 CET 2018 LOG: Color 9	=	8.378788906444154

Thu Feb 22 17:09:28 CET 2018 LOG: Color 10	=	8.455729926121819

Thu Feb 22 17:09:28 CET 2018 LOG: Color 11	=	8.793342162107729

Thu Feb 22 17:09:28 CET 2018 LOG: Color 12	=	8.32128334638232

Thu Feb 22 17:09:28 CET 2018 LOG: Color 13	=	8.897238187195105

Thu Feb 22 17:09:28 CET 2018 LOG: Color 14	=	9.220922201222931

Thu Feb 22 17:09:28 CET 2018 LOG: Color 15	=	8.32641121862125

Thu Feb 22 17:09:28 CET 2018 LOG: Color 16	=	8.652013123663505

Thu Feb 22 17:09:28 CET 2018 LOG: Color 17	=	8.34137187497889

Thu Feb 22 17:09:28 CET 2018 LOG: Color 18	=	8.579700647030714

Thu Feb 22 17:09:28 CET 2018 LOG: Color 19	=	8.40350578083139

Thu Feb 22 17:09:28 CET 2018 LOG: Color 20	=	8.590840412255043

Thu Feb 22 17:09:28 CET 2018 LOG: Color 21	=	8.349137005665789

Thu Feb 22 17:09:28 CET 2018 LOG: Color 22	=	8.36786707217515

Thu Feb 22 17:09:28 CET 2018 LOG: Color 23	=	8.410149358871152

Thu Feb 22 17:09:28 CET 2018 LOG: Color 24	=	8.3754484225443

Thu Feb 22 17:09:28 CET 2018 LOG: Color 25	=	8.678662038810163

Thu Feb 22 17:09:28 CET 2018 LOG: Color 26	=	8.432784598404707

Thu Feb 22 17:09:28 CET 2018 LOG: Color 27	=	8.465109686392097

Thu Feb 22 17:09:28 CET 2018 LOG: Color 28	=	8.909751036434926

Thu Feb 22 17:09:28 CET 2018 LOG: Color 29	=	8.366082112953016

Thu Feb 22 17:09:28 CET 2018 LOG: Color 30	=	8.481354397879391

Thu Feb 22 17:09:28 CET 2018 LOG: Color 31	=	8.682116770821226

Thu Feb 22 17:09:28 CET 2018 LOG: Color 32	=	8.904175125964322

Thu Feb 22 17:09:28 CET 2018 LOG: Color 33	=	8.347315413017053

Thu Feb 22 17:09:28 CET 2018 LOG: Color 34	=	8.462185195153028

Thu Feb 22 17:09:28 CET 2018 LOG: Color 35	=	8.642309763909108

Thu Feb 22 17:09:28 CET 2018 LOG: Color 36	=	8.415774290487146

Thu Feb 22 17:09:28 CET 2018 LOG: Color 37	=	8.855343227063862

Thu Feb 22 17:09:28 CET 2018 LOG: Color 38	=	8.375857559751593

Thu Feb 22 17:09:28 CET 2018 LOG: Color 39	=	0.4651276987458743

Thu Feb 22 17:09:28 CET 2018 LOG: TotDist: 	=	8.75579

Thu Feb 22 17:09:28 CET 2018 --------------------------------------

Thu Feb 22 17:09:28 CET 2018 ------------- Graph info -------------

Thu Feb 22 17:09:28 CET 2018 Num Total Nodes: 999

Thu Feb 22 17:09:28 CET 2018 Num Total Edges: 2497

Thu Feb 22 17:09:28 CET 2018 Num Average Deg: 4.998998998998999

Thu Feb 22 17:09:28 CET 2018 Total Weight: 332.82210409406696

Thu Feb 22 17:09:28 CET 2018 Total Selected Weight: 332.8193666811696

Thu Feb 22 17:09:28 CET 2018 1.00 1.00 2497

Thu Feb 22 17:09:28 CET 2018 MaxWeight: 1.2384925204309363

Thu Feb 22 17:09:28 CET 2018 MinWeight: 0.0031743036838076154

Thu Feb 22 17:09:38 CET 2018 ################

Thu Feb 22 17:09:38 CET 2018 #Itr: 0 #CStb: 0 # dur: 0.0 #NumSuc: 0/0 #CUT: 0.4360508384259628

Thu Feb 22 17:09:52 CET 2018 ################

Thu Feb 22 17:09:52 CET 2018 #Itr: 1 #CStb: 0 # dur: 9.394 #NumSuc: 89/715 #CUT: 0.4054325948144173

Thu Feb 22 17:09:54 CET 2018 ################

Thu Feb 22 17:09:54 CET 2018 #Itr: 2 #CStb: 0 # dur: 1.957 #NumSuc: 56/689 #CUT: 0.38723730547662016

Thu Feb 22 17:10:02 CET 2018 ################

Thu Feb 22 17:10:02 CET 2018 #Itr: 3 #CStb: 0 # dur: 8.036 #NumSuc: 37/670 #CUT: 0.3750256180882975

Thu Feb 22 17:10:02 CET 2018 ################

Thu Feb 22 17:10:02 CET 2018 #Itr: 4 #CStb: 0 # dur: 0.616 #NumSuc: 23/662 #CUT: 0.36952290271313226

Thu Feb 22 17:10:03 CET 2018 ################

Thu Feb 22 17:10:03 CET 2018 #Itr: 5 #CStb: 0 # dur: 0.364 #NumSuc: 5/657 #CUT: 0.36785185019299926

Thu Feb 22 17:10:03 CET 2018 ################

Thu Feb 22 17:10:03 CET 2018 #Itr: 6 #CStb: 0 # dur: 0.157 #NumSuc: 3/654 #CUT: 0.36706967477434504

Thu Feb 22 17:10:03 CET 2018 ################

Thu Feb 22 17:10:03 CET 2018 #Itr: 7 #CStb: 0 # dur: 0.305 #NumSuc: 1/653 #CUT: 0.36695154247197526

Thu Feb 22 17:10:04 CET 2018 ################

Thu Feb 22 17:10:04 CET 2018 #Itr: 8 #CStb: 1 # dur: 0.175 #NumSuc: 0/653 #CUT: 0.36695154247197526

Thu Feb 22 17:10:04 CET 2018 #Itr: 8 #CStb: 1 #CUT: 0.36695154247197526 #STDev: 1.275

Thu Feb 22 17:10:04 CET 2018 ################

Thu Feb 22 17:10:04 CET 2018 #LOG: Execution terminated in: 35.619s

Thu Feb 22 17:12:54 CET 2018 --------------------------------------

Thu Feb 22 17:12:54 CET 2018 LOG: Colors Distribution:

Thu Feb 22 17:12:54 CET 2018 LOG: Color 0	=	8.366670731342303

Thu Feb 22 17:12:54 CET 2018 LOG: Color 1	=	8.424763804242039

Thu Feb 22 17:12:54 CET 2018 LOG: Color 2	=	8.330332035009281

Thu Feb 22 17:12:54 CET 2018 LOG: Color 3	=	8.354880438342322

Thu Feb 22 17:12:54 CET 2018 LOG: Color 4	=	8.364764442652197

Thu Feb 22 17:12:54 CET 2018 LOG: Color 5	=	8.666204133713881

Thu Feb 22 17:12:54 CET 2018 LOG: Color 6	=	8.88753240570483

Thu Feb 22 17:12:54 CET 2018 LOG: Color 7	=	8.382517329134929

Thu Feb 22 17:12:54 CET 2018 LOG: Color 8	=	8.365610402929645

Thu Feb 22 17:12:54 CET 2018 LOG: Color 9	=	8.737554673875211

Thu Feb 22 17:12:54 CET 2018 LOG: Color 10	=	8.325746949484342

Thu Feb 22 17:12:54 CET 2018 LOG: Color 11	=	8.340288027941618

Thu Feb 22 17:12:54 CET 2018 LOG: Color 12	=	8.385793184833936

Thu Feb 22 17:12:54 CET 2018 LOG: Color 13	=	8.51547102544337

Thu Feb 22 17:12:54 CET 2018 LOG: Color 14	=	8.373569414851755

Thu Feb 22 17:12:54 CET 2018 LOG: Color 15	=	8.367256385895056

Thu Feb 22 17:12:54 CET 2018 LOG: Color 16	=	8.358411417890887

Thu Feb 22 17:12:54 CET 2018 LOG: Color 17	=	8.754446743626824

Thu Feb 22 17:12:54 CET 2018 LOG: Color 18	=	9.291631361642736

Thu Feb 22 17:12:54 CET 2018 LOG: Color 19	=	8.39453974121227

Thu Feb 22 17:12:54 CET 2018 LOG: Color 20	=	8.397782880424458

Thu Feb 22 17:12:54 CET 2018 LOG: Color 21	=	8.900710310072663

Thu Feb 22 17:12:54 CET 2018 LOG: Color 22	=	8.359134888953845

Thu Feb 22 17:12:54 CET 2018 LOG: Color 23	=	8.408001649051752

Thu Feb 22 17:12:54 CET 2018 LOG: Color 24	=	9.164912699976945

Thu Feb 22 17:12:54 CET 2018 LOG: Color 25	=	8.32659576734471

Thu Feb 22 17:12:54 CET 2018 LOG: Color 26	=	8.351787783901317

Thu Feb 22 17:12:54 CET 2018 LOG: Color 27	=	8.508570958659817

Thu Feb 22 17:12:54 CET 2018 LOG: Color 28	=	8.335427549955629

Thu Feb 22 17:12:54 CET 2018 LOG: Color 29	=	8.394843352418295

Thu Feb 22 17:12:54 CET 2018 LOG: Color 30	=	8.368994305308815

Thu Feb 22 17:12:54 CET 2018 LOG: Color 31	=	8.915590657673592

Thu Feb 22 17:12:54 CET 2018 LOG: Color 32	=	8.343517338124846

Thu Feb 22 17:12:54 CET 2018 LOG: Color 33	=	8.335898165677627

Thu Feb 22 17:12:54 CET 2018 LOG: Color 34	=	8.834662732945272

Thu Feb 22 17:12:54 CET 2018 LOG: Color 35	=	8.352514345007357

Thu Feb 22 17:12:54 CET 2018 LOG: Color 36	=	8.681709018795658

Thu Feb 22 17:12:54 CET 2018 LOG: Color 37	=	8.347926500302243

Thu Feb 22 17:12:54 CET 2018 LOG: Color 38	=	8.374707341967682

Thu Feb 22 17:12:54 CET 2018 LOG: Color 39	=	1.128093784837623

Thu Feb 22 17:12:54 CET 2018 LOG: TotDist: 	=	8.16354

Thu Feb 22 17:12:54 CET 2018 --------------------------------------

Thu Feb 22 17:12:54 CET 2018 ------------- Graph info -------------

Thu Feb 22 17:12:54 CET 2018 Num Total Nodes: 999

Thu Feb 22 17:12:54 CET 2018 Num Total Edges: 2497

Thu Feb 22 17:12:54 CET 2018 Num Average Deg: 4.998998998998999

Thu Feb 22 17:12:54 CET 2018 Total Weight: 332.82210409406696

Thu Feb 22 17:12:54 CET 2018 Total Selected Weight: 332.8193666811696

Thu Feb 22 17:12:54 CET 2018 1.00 1.00 2497

Thu Feb 22 17:12:54 CET 2018 MaxWeight: 1.2384925204309363

Thu Feb 22 17:12:54 CET 2018 MinWeight: 0.0031743036838076154

Thu Feb 22 17:12:55 CET 2018 ################

Thu Feb 22 17:12:55 CET 2018 #Itr: 0 #CStb: 0 # dur: 0.0 #NumSuc: 0/0 #CUT: 0.43537520362080295

Thu Feb 22 17:12:55 CET 2018 ################

Thu Feb 22 17:12:55 CET 2018 #Itr: 1 #CStb: 0 # dur: 0.042 #NumSuc: 96/721 #CUT: 0.4035086112533042

Thu Feb 22 17:12:55 CET 2018 ################

Thu Feb 22 17:12:55 CET 2018 #Itr: 2 #CStb: 0 # dur: 0.015 #NumSuc: 57/686 #CUT: 0.38610308344571664

Thu Feb 22 17:12:55 CET 2018 ################

Thu Feb 22 17:12:55 CET 2018 #Itr: 3 #CStb: 0 # dur: 0.01 #NumSuc: 42/678 #CUT: 0.3753157676711999

Thu Feb 22 17:12:55 CET 2018 ################

Thu Feb 22 17:12:55 CET 2018 #Itr: 4 #CStb: 0 # dur: 0.01 #NumSuc: 23/664 #CUT: 0.36765243201203324

Thu Feb 22 17:12:55 CET 2018 ################

Thu Feb 22 17:12:55 CET 2018 #Itr: 5 #CStb: 0 # dur: 0.009 #NumSuc: 13/657 #CUT: 0.36555574909440924

Thu Feb 22 17:12:55 CET 2018 ################

Thu Feb 22 17:12:55 CET 2018 #Itr: 6 #CStb: 0 # dur: 0.007 #NumSuc: 11/658 #CUT: 0.3631322633724956

Thu Feb 22 17:12:55 CET 2018 ################

Thu Feb 22 17:12:55 CET 2018 #Itr: 7 #CStb: 0 # dur: 0.006 #NumSuc: 3/658 #CUT: 0.3628679071836163

Thu Feb 22 17:12:55 CET 2018 ################

Thu Feb 22 17:12:55 CET 2018 #Itr: 8 #CStb: 0 # dur: 0.008 #NumSuc: 1/658 #CUT: 0.36261132069922897

Thu Feb 22 17:12:55 CET 2018 ################

Thu Feb 22 17:12:55 CET 2018 #Itr: 9 #CStb: 1 # dur: 0.007 #NumSuc: 0/657 #CUT: 0.36261132069922897

Thu Feb 22 17:12:55 CET 2018 #Itr: 9 #CStb: 1 #CUT: 0.36261132069922897 #STDev: 1.177

Thu Feb 22 17:12:55 CET 2018 ################

Thu Feb 22 17:12:55 CET 2018 #LOG: Execution terminated in: 0.158s

